*******************************************************************************
 Merlin Compiler (TM) Version 2017.2
 Build 537071b.1225 on Mon Jul 10 21:59:22 2017 +0800
 Copyright (C) 2015-2017 Falcon Computing Solutions, Inc. All Rights Reserved.
*******************************************************************************
INFO: Host - 'ip-172-31-73-140' with linux x86_64-linux-thread-multi
INFO: User - longze
INFO: Time - Mon Jul 24 02:39:57 UTC 2017
INFO: Directory - /curr/longze/jentest/vecadd/vec_add_nonproject

%I [BURST-101] Memory burst inferred: variable 'c'
  burst buffer size = 40000 bytes
%I [BURST-101] Memory burst inferred: variable 'a'
  burst buffer size = 40000 bytes
%I [BURST-101] Memory burst inferred: variable 'b'
  burst buffer size = 40000 bytes
%I [WDBUS-101] Memory coalescing inferred: variable 'a' 
  interface bitwidth = 512 bits
%I [WDBUS-101] Memory coalescing inferred: variable 'b' 
  interface bitwidth = 512 bits
%I [WDBUS-101] Memory coalescing inferred: variable 'c' 
  interface bitwidth = 512 bits
%I [FGPIP-101] Partitioning array 'b_buf_0' on dimension 2 completely
%I [FGPIP-101] Partitioning array 'a_buf_0' on dimension 2 completely
%I [FGPIP-101] Partitioning array 'c_buf_0' on dimension 2 completely
%I [FGPIP-103] Loop fine-grained pipelining applied: loop 'L_0'
  (__merlinkernel_vec_add_kernel.cpp) 
%I [FGPIP-102] Loop parallelization applied: loop 'L_0_0'
  (__merlinkernel_vec_add_kernel.cpp) 
  parallel units:  16
